#
# A fatal error has been detected by the Java Runtime Environment:
#
#  EXCEPTION_ACCESS_VIOLATION (0xc0000005) at pc=0x00007ff9845a810e, pid=369924, tid=0x000000000005c7c0
#
# JRE version: Java(TM) SE Runtime Environment (8.0_172-b11) (build 1.8.0_172-b11)
# Java VM: Java HotSpot(TM) 64-Bit Server VM (25.172-b11 mixed mode windows-amd64 compressed oops)
# Problematic frame:
# C  [lwjgl_stb.dll+0x810e]
#
# Failed to write core dump. Minidumps are not enabled by default on client versions of Windows
#
# If you would like to submit a bug report, please visit:
#   http://bugreport.java.com/bugreport/crash.jsp
# The crash happened outside the Java Virtual Machine in native code.
# See problematic frame for where to report the bug.
#

---------------  T H R E A D  ---------------

Current thread (0x0000000002834000):  JavaThread "main" [_thread_in_native, id=378816, stack(0x00000000024f0000,0x00000000025f0000)]

siginfo: ExceptionCode=0xc0000005, reading address 0x0000000000000000

Registers:
RAX=0x0000000000000000, RBX=0x00000000025eed90, RCX=0x0000000030c6bc70, RDX=0x00000000bfebfbff
RSP=0x00000000025eec10, RBP=0x0000000000000000, RSI=0x0000000000000000, RDI=0x0000000030c6bc70
R8 =0x0000000030c6bc70, R9 =0x0000000000000001, R10=0x0000000000000000, R11=0x00000000025eebe0
R12=0x000000001f1a2b40, R13=0x000000001f1a2b40, R14=0x000000001f1a2d00, R15=0x000000001f1a2b90
RIP=0x00007ff9845a810e, EFLAGS=0x0000000000010297

Top of Stack: (sp=0x00000000025eec10)
0x00000000025eec10:   0000000000000003 0000000000004888
0x00000000025eec20:   0000000000000000 0000000000001030
0x00000000025eec30:   0000000030c6bc70 00007ff9845a442b
0x00000000025eec40:   00000000025eed90 0000000000000000
0x00000000025eec50:   0000000000000000 0000000000000000
0x00000000025eec60:   0000000000000000 0000000000000000
0x00000000025eec70:   00000000025eec20 00000000029916a0
0x00000000025eec80:   0000000000000000 00000000029916d6
0x00000000025eec90:   0000000002991aa0 0000000000000000
0x00000000025eeca0:   0000000000000000 0000000000000000
0x00000000025eecb0:   000000001f1a2d00 0000000000000000
0x00000000025eecc0:   000000001f1a2b40 000000001f1a2b90
0x00000000025eecd0:   0000000000001030 00007ff9845a4a9c
0x00000000025eece0:   0000000000000000 0000000035734258
0x00000000025eecf0:   00000000025eef30 000000001f1a2d00
0x00000000025eed00:   0000000000000000 00000000025eed20 

Instructions: (pc=0x00007ff9845a810e)
0x00007ff9845a80ee:   00 00 48 3b 83 c0 00 00 00 72 15 83 7b 30 00 74
0x00007ff9845a80fe:   79 48 8b cb e8 19 ce ff ff 48 8b 83 b8 00 00 00
0x00007ff9845a810e:   0f b6 08 48 ff c0 48 89 83 b8 00 00 00 80 f9 ff
0x00007ff9845a811e:   75 58 48 8b 1f 48 8b 83 b8 00 00 00 48 3b 83 c0 


Register to memory mapping:

RAX=0x0000000000000000 is an unknown value
RBX=0x00000000025eed90 is pointing into the stack for thread: 0x0000000002834000
RCX=0x0000000030c6bc70 is an unknown value
RDX=0x00000000bfebfbff is an unknown value
RSP=0x00000000025eec10 is pointing into the stack for thread: 0x0000000002834000
RBP=0x0000000000000000 is an unknown value
RSI=0x0000000000000000 is an unknown value
RDI=0x0000000030c6bc70 is an unknown value
R8 =0x0000000030c6bc70 is an unknown value
R9 =0x0000000000000001 is an unknown value
R10=0x0000000000000000 is an unknown value
R11=0x00000000025eebe0 is pointing into the stack for thread: 0x0000000002834000
R12=0x000000001f1a2b40 is an unknown value
R13=0x000000001f1a2b40 is an unknown value
R14=0x000000001f1a2d00 is an unknown value
R15=0x000000001f1a2b90 is an unknown value


Stack: [0x00000000024f0000,0x00000000025f0000],  sp=0x00000000025eec10,  free space=1019k
Native frames: (J=compiled Java code, j=interpreted, Vv=VM code, C=native code)

Java frames: (J=compiled Java code, j=interpreted, Vv=VM code)
j  org.lwjgl.stb.STBImage.nstbi_load_from_memory(JIJJJI)J+0
j  org.lwjgl.stb.STBImage.stbi_load_from_memory(Ljava/nio/ByteBuffer;Ljava/nio/IntBuffer;Ljava/nio/IntBuffer;Ljava/nio/IntBuffer;I)Ljava/nio/ByteBuffer;+43
j  net.brandontsang.tetroid.engine.Texture.<init>(Ljava/lang/String;)V+40
j  net.brandontsang.tetroid.tetroid.Main.run()V+367
j  net.brandontsang.tetroid.tetroid.Main.main([Ljava/lang/String;)V+7
v  ~StubRoutines::call_stub

---------------  P R O C E S S  ---------------

Java Threads: ( => current thread )
  0x000000001e366000 JavaThread "Service Thread" daemon [_thread_blocked, id=378928, stack(0x000000001eee0000,0x000000001efe0000)]
  0x000000001e34a800 JavaThread "C1 CompilerThread3" daemon [_thread_blocked, id=378924, stack(0x000000001ede0000,0x000000001eee0000)]
  0x000000001e347000 JavaThread "C2 CompilerThread2" daemon [_thread_blocked, id=378920, stack(0x000000001ece0000,0x000000001ede0000)]
  0x000000001e342000 JavaThread "C2 CompilerThread1" daemon [_thread_blocked, id=378916, stack(0x000000001ebe0000,0x000000001ece0000)]
  0x000000001e33f800 JavaThread "C2 CompilerThread0" daemon [_thread_in_native, id=378912, stack(0x000000001eae0000,0x000000001ebe0000)]
  0x000000001e33c800 JavaThread "Monitor Ctrl-Break" daemon [_thread_in_native, id=378908, stack(0x000000001e9e0000,0x000000001eae0000)]
  0x000000001e212000 JavaThread "Attach Listener" daemon [_thread_blocked, id=378900, stack(0x000000001e8e0000,0x000000001e9e0000)]
  0x000000001e210000 JavaThread "Signal Dispatcher" daemon [_thread_blocked, id=378896, stack(0x000000001e7e0000,0x000000001e8e0000)]
  0x000000001e200800 JavaThread "Finalizer" daemon [_thread_blocked, id=371264, stack(0x000000001e5e0000,0x000000001e6e0000)]
  0x0000000002929000 JavaThread "Reference Handler" daemon [_thread_blocked, id=378788, stack(0x000000001e0e0000,0x000000001e1e0000)]
=>0x0000000002834000 JavaThread "main" [_thread_in_native, id=378816, stack(0x00000000024f0000,0x00000000025f0000)]

Other Threads:
  0x000000001c2fa000 VMThread [stack: 0x000000001dfe0000,0x000000001e0e0000] [id=378356]
  0x000000001e43f000 WatcherThread [stack: 0x000000001efe0000,0x000000001f0e0000] [id=378932]

VM state:not at safepoint (normal execution)

VM Mutex/Monitor currently owned by a thread: None

Heap:
 PSYoungGen      total 75776K, used 46299K [0x000000076b600000, 0x0000000770a80000, 0x00000007c0000000)
  eden space 65024K, 71% used [0x000000076b600000,0x000000076e336d80,0x000000076f580000)
  from space 10752K, 0% used [0x0000000770000000,0x0000000770000000,0x0000000770a80000)
  to   space 10752K, 0% used [0x000000076f580000,0x000000076f580000,0x0000000770000000)
 ParOldGen       total 173568K, used 0K [0x00000006c2200000, 0x00000006ccb80000, 0x000000076b600000)
  object space 173568K, 0% used [0x00000006c2200000,0x00000006c2200000,0x00000006ccb80000)
 Metaspace       used 11231K, capacity 11463K, committed 11776K, reserved 1060864K
  class space    used 892K, capacity 979K, committed 1024K, reserved 1048576K

Card table byte_map: [0x0000000011cf0000,0x00000000124e0000] byte_map_base: 0x000000000e6df000

Marking Bits: (ParMarkBitMap*) 0x00000000702a3c10
 Begin Bits: [0x0000000013230000, 0x00000000171a8000)
 End Bits:   [0x00000000171a8000, 0x000000001b120000)

Polling page: 0x00000000008d0000

CodeCache: size=245760Kb used=3651Kb max_used=3657Kb free=242108Kb
 bounds [0x0000000002930000, 0x0000000002cd0000, 0x0000000011930000]
 total_blobs=1769 nmethods=795 adapters=887
 compilation: enabled

Compilation events (10 events):
Event: 2.228 Thread 0x000000001e34a800 nmethod 790 0x0000000002cbd910 code [0x0000000002cbdaa0, 0x0000000002cbe148]
Event: 2.228 Thread 0x000000001e34a800  791  s    3       sun.nio.ch.ChannelInputStream::read (105 bytes)
Event: 2.229 Thread 0x000000001e34a800 nmethod 791 0x0000000002cbe490 code [0x0000000002cbe6a0, 0x0000000002cbf318]
Event: 2.229 Thread 0x000000001e34a800  792       3       java.util.AbstractSet::<init> (5 bytes)
Event: 2.229 Thread 0x000000001e34a800 nmethod 792 0x0000000002cbf910 code [0x0000000002cbfa80, 0x0000000002cbfc90]
Event: 2.229 Thread 0x000000001e34a800  793       3       sun.misc.URLClassPath::access$100 (7 bytes)
Event: 2.229 Thread 0x000000001e34a800 nmethod 793 0x0000000002cbad50 code [0x0000000002cbaec0, 0x0000000002cbb028]
Event: 2.230 Thread 0x000000001e34a800  794       3       java.util.regex.Pattern$CharProperty::match (56 bytes)
Event: 2.230 Thread 0x000000001e34a800 nmethod 794 0x0000000002cbfd50 code [0x0000000002cbfee0, 0x0000000002cc03c8]
Event: 2.230 Thread 0x000000001e34a800  796       3       java.lang.CharacterDataLatin1::digit (91 bytes)

GC Heap History (0 events):
No events

Deoptimization events (7 events):
Event: 0.401 Thread 0x0000000002834000 Uncommon trap: reason=null_check action=make_not_entrant pc=0x0000000002abf3dc method=java.lang.String.equals(Ljava/lang/Object;)Z @ 8
Event: 1.972 Thread 0x0000000002834000 Uncommon trap: reason=bimorphic action=maybe_recompile pc=0x0000000002c056a8 method=java.util.HashMap.getNode(ILjava/lang/Object;)Ljava/util/HashMap$Node; @ 126
Event: 1.976 Thread 0x0000000002834000 Uncommon trap: reason=bimorphic action=maybe_recompile pc=0x0000000002c056a8 method=java.util.HashMap.getNode(ILjava/lang/Object;)Ljava/util/HashMap$Node; @ 126
Event: 1.978 Thread 0x0000000002834000 Uncommon trap: reason=bimorphic action=maybe_recompile pc=0x0000000002c056a8 method=java.util.HashMap.getNode(ILjava/lang/Object;)Ljava/util/HashMap$Node; @ 126
Event: 2.001 Thread 0x0000000002834000 Uncommon trap: reason=bimorphic action=maybe_recompile pc=0x0000000002c056a8 method=java.util.HashMap.getNode(ILjava/lang/Object;)Ljava/util/HashMap$Node; @ 126
Event: 2.002 Thread 0x0000000002834000 Uncommon trap: reason=bimorphic action=maybe_recompile pc=0x0000000002bf404c method=java.util.HashMap.getNode(ILjava/lang/Object;)Ljava/util/HashMap$Node; @ 126
Event: 2.230 Thread 0x0000000002834000 Uncommon trap: reason=unstable_if action=reinterpret pc=0x0000000002c701e8 method=java.lang.CharacterDataLatin1.digit(II)I @ 31

Classes redefined (0 events):
No events

Internal exceptions (10 events):
Event: 0.283 Thread 0x0000000002834000 Exception <a 'java/lang/NoSuchMethodError': java.lang.Object.lambda$static$0(Ljava/lang/String;)Ljava/lang/Boolean;> (0x000000076bb89990) thrown at [C:\re\workspace\8-2-build-windows-amd64-cygwin\jdk8u172\10810\hotspot\src\share\vm\interpreter\linkResolve
Event: 0.305 Thread 0x0000000002834000 Exception <a 'java/lang/NoSuchFieldError': method resolution failed> (0x000000076bc0be70) thrown at [C:\re\workspace\8-2-build-windows-amd64-cygwin\jdk8u172\10810\hotspot\src\share\vm\prims\methodHandles.cpp, line 1167]
Event: 0.308 Thread 0x0000000002834000 Exception <a 'java/lang/NoSuchFieldError': method resolution failed> (0x000000076bc19d18) thrown at [C:\re\workspace\8-2-build-windows-amd64-cygwin\jdk8u172\10810\hotspot\src\share\vm\prims\methodHandles.cpp, line 1167]
Event: 0.390 Thread 0x0000000002834000 Exception <a 'java/security/PrivilegedActionException'> (0x000000076be29408) thrown at [C:\re\workspace\8-2-build-windows-amd64-cygwin\jdk8u172\10810\hotspot\src\share\vm\prims\jvm.cpp, line 1435]
Event: 0.390 Thread 0x0000000002834000 Exception <a 'java/security/PrivilegedActionException'> (0x000000076be29618) thrown at [C:\re\workspace\8-2-build-windows-amd64-cygwin\jdk8u172\10810\hotspot\src\share\vm\prims\jvm.cpp, line 1435]
Event: 0.391 Thread 0x0000000002834000 Exception <a 'java/security/PrivilegedActionException'> (0x000000076be2d528) thrown at [C:\re\workspace\8-2-build-windows-amd64-cygwin\jdk8u172\10810\hotspot\src\share\vm\prims\jvm.cpp, line 1435]
Event: 0.391 Thread 0x0000000002834000 Exception <a 'java/security/PrivilegedActionException'> (0x000000076be2d738) thrown at [C:\re\workspace\8-2-build-windows-amd64-cygwin\jdk8u172\10810\hotspot\src\share\vm\prims\jvm.cpp, line 1435]
Event: 0.401 Thread 0x0000000002834000 Implicit null exception at 0x0000000002abf1db to 0x0000000002abf3cd
Event: 1.541 Thread 0x0000000002834000 Exception <a 'sun/nio/fs/WindowsException'> (0x000000076c09c4c0) thrown at [C:\re\workspace\8-2-build-windows-amd64-cygwin\jdk8u172\10810\hotspot\src\share\vm\prims\jni.cpp, line 709]
Event: 1.542 Thread 0x0000000002834000 Exception <a 'sun/nio/fs/WindowsException'> (0x000000076c09dec0) thrown at [C:\re\workspace\8-2-build-windows-amd64-cygwin\jdk8u172\10810\hotspot\src\share\vm\prims\jni.cpp, line 709]

Events (10 events):
Event: 2.160 Thread 0x0000000002834000 DEOPT UNPACKING pc=0x0000000002977890 sp=0x00000000025ee868 mode 0
Event: 2.210 loading class net/brandontsang/tetroid/engine/Texture
Event: 2.210 loading class net/brandontsang/tetroid/engine/Texture done
Event: 2.219 loading class org/lwjgl/stb/STBImage
Event: 2.219 loading class org/lwjgl/stb/STBImage done
Event: 2.221 loading class org/lwjgl/stb/LibSTB
Event: 2.221 loading class org/lwjgl/stb/LibSTB done
Event: 2.230 Thread 0x0000000002834000 Uncommon trap: trap_request=0xffffff65 fr.pc=0x0000000002c701e8
Event: 2.230 Thread 0x0000000002834000 DEOPT PACKING pc=0x0000000002c701e8 sp=0x00000000025eda40
Event: 2.230 Thread 0x0000000002834000 DEOPT UNPACKING pc=0x000000000297583b sp=0x00000000025ed9b0 mode 2


Dynamic libraries:
0x00007ff6e51f0000 - 0x00007ff6e5227000 	C:\Program Files\Java\jdk1.8.0_172\bin\java.exe
0x00007ff9df1e0000 - 0x00007ff9df3d0000 	C:\WINDOWS\SYSTEM32\ntdll.dll
0x00007ff9de5c0000 - 0x00007ff9de672000 	C:\WINDOWS\System32\KERNEL32.DLL
0x00007ff9dcd70000 - 0x00007ff9dd013000 	C:\WINDOWS\System32\KERNELBASE.dll
0x00007ff9de710000 - 0x00007ff9de7b3000 	C:\WINDOWS\System32\ADVAPI32.dll
0x00007ff9de070000 - 0x00007ff9de10e000 	C:\WINDOWS\System32\msvcrt.dll
0x00007ff9ddaf0000 - 0x00007ff9ddb87000 	C:\WINDOWS\System32\sechost.dll
0x00007ff9ddcd0000 - 0x00007ff9dddf0000 	C:\WINDOWS\System32\RPCRT4.dll
0x00007ff9de190000 - 0x00007ff9de323000 	C:\WINDOWS\System32\USER32.dll
0x00007ff9dd270000 - 0x00007ff9dd291000 	C:\WINDOWS\System32\win32u.dll
0x00007ff9ddac0000 - 0x00007ff9ddae6000 	C:\WINDOWS\System32\GDI32.dll
0x00007ff9dcb30000 - 0x00007ff9dccc4000 	C:\WINDOWS\System32\gdi32full.dll
0x00007ff9dccd0000 - 0x00007ff9dcd6e000 	C:\WINDOWS\System32\msvcp_win.dll
0x00007ff9dd170000 - 0x00007ff9dd26a000 	C:\WINDOWS\System32\ucrtbase.dll
0x00007ff9cfa30000 - 0x00007ff9cfcb5000 	C:\WINDOWS\WinSxS\amd64_microsoft.windows.common-controls_6595b64144ccf1df_6.0.18362.175_none_e6c3ab1f131014c9\COMCTL32.dll
0x00007ff9de9f0000 - 0x00007ff9ded26000 	C:\WINDOWS\System32\combase.dll
0x00007ff9dc9f0000 - 0x00007ff9dca71000 	C:\WINDOWS\System32\bcryptPrimitives.dll
0x00007ff9de680000 - 0x00007ff9de6ae000 	C:\WINDOWS\System32\IMM32.DLL
0x0000000070330000 - 0x0000000070402000 	C:\Program Files\Java\jdk1.8.0_172\jre\bin\msvcr100.dll
0x000000006fa80000 - 0x0000000070323000 	C:\Program Files\Java\jdk1.8.0_172\jre\bin\server\jvm.dll
0x00007ff9de180000 - 0x00007ff9de188000 	C:\WINDOWS\System32\PSAPI.DLL
0x00007ff9d0880000 - 0x00007ff9d08a4000 	C:\WINDOWS\SYSTEM32\WINMM.dll
0x00007ff9d5960000 - 0x00007ff9d596a000 	C:\WINDOWS\SYSTEM32\VERSION.dll
0x00007ff9daba0000 - 0x00007ff9daba9000 	C:\WINDOWS\SYSTEM32\WSOCK32.dll
0x00007ff9de110000 - 0x00007ff9de17f000 	C:\WINDOWS\System32\WS2_32.dll
0x00007ff9d0820000 - 0x00007ff9d084d000 	C:\WINDOWS\SYSTEM32\winmmbase.dll
0x00007ff9dc1f0000 - 0x00007ff9dc23a000 	C:\WINDOWS\System32\cfgmgr32.dll
0x000000006fa70000 - 0x000000006fa7f000 	C:\Program Files\Java\jdk1.8.0_172\jre\bin\verify.dll
0x000000006fa40000 - 0x000000006fa69000 	C:\Program Files\Java\jdk1.8.0_172\jre\bin\java.dll
0x000000006d2c0000 - 0x000000006d2e3000 	C:\Program Files\Java\jdk1.8.0_172\jre\bin\instrument.dll
0x000000006f9f0000 - 0x000000006fa06000 	C:\Program Files\Java\jdk1.8.0_172\jre\bin\zip.dll
0x00007ff9dd3e0000 - 0x00007ff9ddac0000 	C:\WINDOWS\System32\SHELL32.dll
0x00007ff9de390000 - 0x00007ff9de439000 	C:\WINDOWS\System32\shcore.dll
0x00007ff9dc270000 - 0x00007ff9dc9eb000 	C:\WINDOWS\System32\windows.storage.dll
0x00007ff9dc150000 - 0x00007ff9dc16f000 	C:\WINDOWS\System32\profapi.dll
0x00007ff9dc0e0000 - 0x00007ff9dc12a000 	C:\WINDOWS\System32\powrprof.dll
0x00007ff9dc0b0000 - 0x00007ff9dc0c0000 	C:\WINDOWS\System32\UMPDC.dll
0x00007ff9dd2a0000 - 0x00007ff9dd2f2000 	C:\WINDOWS\System32\shlwapi.dll
0x00007ff9dc130000 - 0x00007ff9dc141000 	C:\WINDOWS\System32\kernel.appcore.dll
0x00007ff9dc170000 - 0x00007ff9dc187000 	C:\WINDOWS\System32\cryptsp.dll
0x00007ff9a0810000 - 0x00007ff9a082a000 	C:\Program Files\JetBrains\IntelliJ IDEA Community Edition 2018.3.4\bin\breakgen64.dll
0x000000006f9d0000 - 0x000000006f9ea000 	C:\Program Files\Java\jdk1.8.0_172\jre\bin\net.dll
0x00007ff9db8d0000 - 0x00007ff9db937000 	C:\WINDOWS\system32\mswsock.dll
0x000000006f9b0000 - 0x000000006f9c1000 	C:\Program Files\Java\jdk1.8.0_172\jre\bin\nio.dll
0x00007ff99fbb0000 - 0x00007ff99fc22000 	C:\Users\brand\AppData\Local\Temp\lwjglbrand\3.2.2-build-10\lwjgl.dll
0x00007ff99e060000 - 0x00007ff99e0be000 	C:\Users\brand\AppData\Local\Temp\lwjglbrand\3.2.2-build-10\glfw.dll
0x00007ff9d9710000 - 0x00007ff9d97a9000 	C:\WINDOWS\system32\uxtheme.dll
0x00007ff99dc70000 - 0x00007ff99dcb3000 	C:\WINDOWS\SYSTEM32\dinput8.dll
0x00007ff99fb90000 - 0x00007ff99fba1000 	C:\WINDOWS\SYSTEM32\xinput1_4.dll
0x00007ff9dbeb0000 - 0x00007ff9dbeda000 	C:\WINDOWS\SYSTEM32\DEVOBJ.dll
0x00007ff9cf100000 - 0x00007ff9cf202000 	C:\WINDOWS\SYSTEM32\inputhost.dll
0x00007ff9d8eb0000 - 0x00007ff9d8f84000 	C:\WINDOWS\SYSTEM32\CoreMessaging.dll
0x00007ff9d9cb0000 - 0x00007ff9d9d9f000 	C:\WINDOWS\SYSTEM32\PROPSYS.dll
0x00007ff9cfd40000 - 0x00007ff9d0069000 	C:\WINDOWS\SYSTEM32\CoreUIComponents.dll
0x00007ff9de440000 - 0x00007ff9de504000 	C:\WINDOWS\System32\OLEAUT32.dll
0x00007ff9d7490000 - 0x00007ff9d75e3000 	C:\WINDOWS\SYSTEM32\wintypes.dll
0x00007ff9db230000 - 0x00007ff9db261000 	C:\WINDOWS\SYSTEM32\ntmarta.dll
0x00007ff9da470000 - 0x00007ff9da49d000 	C:\WINDOWS\SYSTEM32\dwmapi.dll
0x00007ff9ddb90000 - 0x00007ff9ddcc7000 	C:\WINDOWS\System32\MSCTF.dll
0x00007ff9a50d0000 - 0x00007ff9a5110000 	C:\Program Files\WIDCOMM\Bluetooth Software\btmmhook.dll
0x00007ff9ddf10000 - 0x00007ff9de066000 	C:\WINDOWS\System32\ole32.dll
0x00007ff9da8e0000 - 0x00007ff9da8ee000 	C:\WINDOWS\SYSTEM32\HID.DLL
0x00007ff9ded30000 - 0x00007ff9df1a0000 	C:\WINDOWS\System32\SETUPAPI.DLL
0x00007ff9dc240000 - 0x00007ff9dc266000 	C:\WINDOWS\System32\bcrypt.dll
0x00007ff9dc190000 - 0x00007ff9dc1ec000 	C:\WINDOWS\System32\WINTRUST.dll
0x00007ff9dc0c0000 - 0x00007ff9dc0d2000 	C:\WINDOWS\System32\MSASN1.dll
0x00007ff9dd020000 - 0x00007ff9dd169000 	C:\WINDOWS\System32\CRYPT32.dll
0x00007ff9bd990000 - 0x00007ff9bdadf000 	C:\WINDOWS\SYSTEM32\opengl32.dll
0x00007ff9d1360000 - 0x00007ff9d138c000 	C:\WINDOWS\SYSTEM32\GLU32.dll
0x00007ff9dada0000 - 0x00007ff9dadc0000 	C:\WINDOWS\SYSTEM32\dxcore.dll
0x000000006d2f0000 - 0x000000006f9b0000 	C:\WINDOWS\System32\DriverStore\FileRepository\nvdm.inf_amd64_fef2204a28a4766c\nvoglv64.dll
0x00007ff9dabb0000 - 0x00007ff9dabc3000 	C:\WINDOWS\SYSTEM32\WTSAPI32.dll
0x00007ff9c0da0000 - 0x00007ff9c1047000 	C:\WINDOWS\system32\nvspcap64.dll
0x00007ff9da9a0000 - 0x00007ff9dab94000 	C:\WINDOWS\SYSTEM32\dbghelp.dll
0x00007ff9d4c50000 - 0x00007ff9d4c7a000 	C:\WINDOWS\SYSTEM32\dbgcore.DLL
0x00007ff9db180000 - 0x00007ff9db1dc000 	C:\WINDOWS\SYSTEM32\WINSTA.dll
0x00007ff9dae90000 - 0x00007ff9daf7a000 	C:\WINDOWS\system32\dxgi.dll
0x00007ff9d8140000 - 0x00007ff9d839b000 	C:\WINDOWS\system32\d3d11.dll
0x00007ff983d30000 - 0x00007ff983e1e000 	C:\WINDOWS\System32\DriverStore\FileRepository\nvdm.inf_amd64_fef2204a28a4766c\nvldumdx.dll
0x00007ff9dddf0000 - 0x00007ff9dde0d000 	C:\WINDOWS\System32\imagehlp.dll
0x00007ff9db4a0000 - 0x00007ff9db4d3000 	C:\WINDOWS\system32\rsaenh.dll
0x00007ff9dba50000 - 0x00007ff9dba5c000 	C:\WINDOWS\SYSTEM32\CRYPTBASE.dll
0x00007ff96d6e0000 - 0x00007ff96fb96000 	C:\WINDOWS\System32\DriverStore\FileRepository\nvdm.inf_amd64_fef2204a28a4766c\nvwgf2umx.dll
0x00007ff9d1970000 - 0x00007ff9d1e73000 	C:\WINDOWS\system32\nvapi64.dll
0x00007ff9cf210000 - 0x00007ff9cf2ae000 	C:\WINDOWS\System32\TextInputFramework.dll
0x00007ff9d0b50000 - 0x00007ff9d0df6000 	C:\WINDOWS\System32\iertutil.dll
0x00007ff9cca60000 - 0x00007ff9ccac5000 	C:\WINDOWS\system32\Oleacc.dll
0x00007ff990670000 - 0x00007ff9906c8000 	C:\Users\brand\AppData\Local\Temp\lwjglbrand\3.2.2-build-10\lwjgl_opengl.dll
0x00007ff9845a0000 - 0x00007ff98461f000 	C:\Users\brand\AppData\Local\Temp\lwjglbrand\3.2.2-build-10\lwjgl_stb.dll

VM Arguments:
jvm_args: -javaagent:C:\Program Files\JetBrains\IntelliJ IDEA Community Edition 2018.3.4\lib\idea_rt.jar=10401:C:\Program Files\JetBrains\IntelliJ IDEA Community Edition 2018.3.4\bin -Dfile.encoding=UTF-8 
java_command: net.brandontsang.tetroid.tetroid.Main
java_class_path (initial): C:\Program Files\Java\jdk1.8.0_172\jre\lib\charsets.jar;C:\Program Files\Java\jdk1.8.0_172\jre\lib\deploy.jar;C:\Program Files\Java\jdk1.8.0_172\jre\lib\ext\access-bridge-64.jar;C:\Program Files\Java\jdk1.8.0_172\jre\lib\ext\cldrdata.jar;C:\Program Files\Java\jdk1.8.0_172\jre\lib\ext\dnsns.jar;C:\Program Files\Java\jdk1.8.0_172\jre\lib\ext\jaccess.jar;C:\Program Files\Java\jdk1.8.0_172\jre\lib\ext\jfxrt.jar;C:\Program Files\Java\jdk1.8.0_172\jre\lib\ext\localedata.jar;C:\Program Files\Java\jdk1.8.0_172\jre\lib\ext\nashorn.jar;C:\Program Files\Java\jdk1.8.0_172\jre\lib\ext\sunec.jar;C:\Program Files\Java\jdk1.8.0_172\jre\lib\ext\sunjce_provider.jar;C:\Program Files\Java\jdk1.8.0_172\jre\lib\ext\sunmscapi.jar;C:\Program Files\Java\jdk1.8.0_172\jre\lib\ext\sunpkcs11.jar;C:\Program Files\Java\jdk1.8.0_172\jre\lib\ext\zipfs.jar;C:\Program Files\Java\jdk1.8.0_172\jre\lib\javaws.jar;C:\Program Files\Java\jdk1.8.0_172\jre\lib\jce.jar;C:\Program Files\Java\jdk1.8.0_172\jre\lib\jfr.jar;C:\Program Files\Java\jdk1.8.0_172\jre\lib\jfxswt.jar;C:\Program Files\Java\jdk1.8.0_172\jre\lib\jsse.jar;C:\Program Files\Java\jdk1.8.0_172\jre\lib\management-agent.jar;C:\Program Files\Java\jdk1.8.0_172\jre\lib\plugin.jar;C:\Program Files\Java\jdk1.8.0_172\jre\lib\resources.jar;C:\Program Files\Java\jdk1.8.0_172\jre\lib\rt.jar;C:\Users\brand\Documents\tetroid\target\classes;C:\Users\brand\Documents\tetroid\lib\joml-1.9.14.jar;C:\Users\brand\Documents\tetroid\lib\lwjgl-assimp-natives-windows.jar;C:\Users\brand\Documents\tetroid\lib\lwjgl-assimp.jar;C:\Users\brand\Documents\tetroid\lib\lwjgl-glfw-natives-windows.jar;C:\Users\brand\Documents\tetroid\lib\lwjgl-glfw.jar;C:\Users\brand\Documents\tetroid\lib\lwjgl-natives-windows.jar;C:\Users\brand\Documents\tetroid\lib\lwjgl-openal-natives-windows.jar;C:\Users\brand\Documents\tetroid\lib\lwjgl-openal.jar;C:\Users\brand\Documents\tetroid\lib\lwjgl-opengl-natives-windows.jar;C:\Users\brand\Documents\tetroid\lib\lwjgl-open
Launcher Type: SUN_STANDARD

Environment Variables:
JAVA_HOME=C:\Program Files\AdoptOpenJDK\jdk-11.0.3.7-hotspot\
PATH=C:\Program Files\AdoptOpenJDK\jdk-11.0.3.7-hotspot\bin;C:\Program Files\ActiveTcl\bin;c:\Program Files (x86)\Common Files\Intel\Shared Libraries\redist\intel64_win\compiler;C:\Program Files (x86)\Common Files\Oracle\Java\javapath;C:\ProgramData\Oracle\Java\javapath;C:\Program Files\Dell\DW WLAN Card;C:\Windows\system32;C:\Windows;C:\Windows\System32\Wbem;C:\Windows\System32\WindowsPowerShell\v1.0\;C:\Program Files\WIDCOMM\Bluetooth Software\;C:\Program Files\WIDCOMM\Bluetooth Software\syswow64;C:\Program Files (x86)\NVIDIA Corporation\PhysX\Common;C:\WINDOWS\system32;C:\WINDOWS;C:\WINDOWS\System32\Wbem;C:\WINDOWS\System32\WindowsPowerShell\v1.0\;C:\Android;C:\Program Files\Git\cmd;C:\WINDOWS\System32\OpenSSH\;C:\Program Files\Calibre2\;C:\Program Files\nodejs\;C:\Program Files\MySQL\MySQL Server 8.0\bin;C:\Program Files\PostgreSQL\pg11\bin;C:\Program Files\PuTTY\;C:\Program Files\NVIDIA Corporation\NVIDIA NvDLISR;C:\Program Files (x86)\Intel\Intel(R) Management Engine Components\DAL;C:\Program Files\Intel\Intel(R) Management Engine Components\DAL;C:\Users\brand\Downloads\apache-maven-3.6.1\bin;;%SystemRoot%\system32;%SystemRoot%;%SystemRoot%\System32\Wbem;%SYSTEMROOT%\System32\WindowsPowerShell\v1.0\;%SYSTEMROOT%\System32\OpenSSH\;C:\Users\brand\AppData\Local\Programs\Python\Python37\Scripts\;C:\Users\brand\AppData\Local\Programs\Python\Python37\;C:\Users\brand\AppData\Local\Microsoft\WindowsApps;C:\Users\brand\AppData\Local\atom\bin;C:\Users\brand\AppData\Local\Programs\Microsoft VS Code\bin;C:\Users\brand\AppData\Roaming\npm;%USERPROFILE%\AppData\Local\Microsoft\WindowsApps;;%CLion%;%IntelliJ IDEA Community Edition%;C:\Users\brand\AppData\Local\hyper\app-3.0.2\resources\bin
USERNAME=brand
OS=Windows_NT
PROCESSOR_IDENTIFIER=Intel64 Family 6 Model 94 Stepping 3, GenuineIntel



---------------  S Y S T E M  ---------------

OS: Windows 10.0 , 64 bit Build 18362 (10.0.18362.86)

CPU:total 8 (initial active 8) (4 cores per cpu, 2 threads per core) family 6 model 94 stepping 3, cmov, cx8, fxsr, mmx, sse, sse2, sse3, ssse3, sse4.1, sse4.2, popcnt, avx, avx2, aes, clmul, erms, rtm, 3dnowpref, lzcnt, ht, tsc, tscinvbit, bmi1, bmi2, adx

Memory: 4k page, physical 16635468k(4298016k free), swap 25409824k(3117004k free)

vm_info: Java HotSpot(TM) 64-Bit Server VM (25.172-b11) for windows-amd64 JRE (1.8.0_172-b11), built on Mar 28 2018 21:21:52 by "java_re" with MS VC++ 10.0 (VS2010)

time: Sun Jun 16 23:41:37 2019
elapsed time: 2 seconds (0d 0h 0m 2s)

